2019-05-28 09:17:10,336  INFO AbstractContextLoader:242 - Could not detect default resource locations for test class [com.didispace.bizImpl.UserBizImplTest]: no resource found for suffixes {-context.xml, Context.groovy}.
2019-05-28 09:17:10,372  INFO WebTestContextBootstrapper:259 - Loaded default TestExecutionListener class names from location [META-INF/spring.factories]: [org.springframework.test.context.web.ServletTestExecutionListener, org.springframework.test.context.support.DirtiesContextBeforeModesTestExecutionListener, org.springframework.test.context.support.DependencyInjectionTestExecutionListener, org.springframework.test.context.support.DirtiesContextTestExecutionListener, org.springframework.test.context.transaction.TransactionalTestExecutionListener, org.springframework.test.context.jdbc.SqlScriptsTestExecutionListener]
2019-05-28 09:17:10,419  INFO WebTestContextBootstrapper:185 - Using TestExecutionListeners: [org.springframework.test.context.web.ServletTestExecutionListener@475530b9, org.springframework.test.context.support.DirtiesContextBeforeModesTestExecutionListener@1d057a39, org.springframework.test.context.support.DependencyInjectionTestExecutionListener@26be92ad, org.springframework.test.context.support.DirtiesContextTestExecutionListener@4c70fda8, org.springframework.test.context.transaction.TransactionalTestExecutionListener@224edc67, org.springframework.test.context.jdbc.SqlScriptsTestExecutionListener@14acaea5]
2019-05-28 09:17:11,511  INFO UserBizImplTest:48 - Starting UserBizImplTest on WIN-MKK49AEUNMI with PID 18388 (C:\Users\Administrator\eclipse-workspace\MySpringBoot\EhCache\target\test-classes started by Administrator in C:\Users\Administrator\eclipse-workspace\MySpringBoot\EhCache)
2019-05-28 09:17:11,527 DEBUG UserBizImplTest:51 - Running with Spring Boot v1.3.2.RELEASE, Spring v4.2.4.RELEASE
2019-05-28 09:17:11,528  INFO UserBizImplTest:666 - No active profile set, falling back to default profiles: default
2019-05-28 09:17:11,995  INFO Version:17 - HV000001: Hibernate Validator 5.2.2.Final
2019-05-28 09:17:12,245  INFO GenericWebApplicationContext:578 - Refreshing org.springframework.web.context.support.GenericWebApplicationContext@5e4c8041: startup date [Tue May 28 09:17:12 CST 2019]; root of context hierarchy
2019-05-28 09:17:13,918  INFO DefaultListableBeanFactory:839 - Overriding bean definition for bean 'beanNameViewResolver' with a different definition: replacing [Root bean: class [null]; scope=; abstract=false; lazyInit=false; autowireMode=3; dependencyCheck=0; autowireCandidate=true; primary=false; factoryBeanName=org.springframework.boot.autoconfigure.web.ErrorMvcAutoConfiguration$WhitelabelErrorViewConfiguration; factoryMethodName=beanNameViewResolver; initMethodName=null; destroyMethodName=(inferred); defined in class path resource [org/springframework/boot/autoconfigure/web/ErrorMvcAutoConfiguration$WhitelabelErrorViewConfiguration.class]] with [Root bean: class [null]; scope=; abstract=false; lazyInit=false; autowireMode=3; dependencyCheck=0; autowireCandidate=true; primary=false; factoryBeanName=org.springframework.boot.autoconfigure.web.WebMvcAutoConfiguration$WebMvcAutoConfigurationAdapter; factoryMethodName=beanNameViewResolver; initMethodName=null; destroyMethodName=(inferred); defined in class path resource [org/springframework/boot/autoconfigure/web/WebMvcAutoConfiguration$WebMvcAutoConfigurationAdapter.class]]
2019-05-28 09:17:14,442  INFO PostProcessorRegistrationDelegate$BeanPostProcessorChecker:328 - Bean 'org.springframework.cache.annotation.ProxyCachingConfiguration' of type [class org.springframework.cache.annotation.ProxyCachingConfiguration$$EnhancerBySpringCGLIB$$7e642f66] is not eligible for getting processed by all BeanPostProcessors (for example: not eligible for auto-proxying)
2019-05-28 09:17:14,455  INFO PostProcessorRegistrationDelegate$BeanPostProcessorChecker:328 - Bean 'org.springframework.transaction.annotation.ProxyTransactionManagementConfiguration' of type [class org.springframework.transaction.annotation.ProxyTransactionManagementConfiguration$$EnhancerBySpringCGLIB$$17066508] is not eligible for getting processed by all BeanPostProcessors (for example: not eligible for auto-proxying)
2019-05-28 09:17:14,567  INFO PostProcessorRegistrationDelegate$BeanPostProcessorChecker:328 - Bean 'org.springframework.boot.autoconfigure.cache.CacheAutoConfiguration' of type [class org.springframework.boot.autoconfigure.cache.CacheAutoConfiguration$$EnhancerBySpringCGLIB$$b88c2f8a] is not eligible for getting processed by all BeanPostProcessors (for example: not eligible for auto-proxying)
2019-05-28 09:17:14,865  INFO PostProcessorRegistrationDelegate$BeanPostProcessorChecker:328 - Bean 'spring.cache.CONFIGURATION_PROPERTIES' of type [class org.springframework.boot.autoconfigure.cache.CacheProperties] is not eligible for getting processed by all BeanPostProcessors (for example: not eligible for auto-proxying)
2019-05-28 09:17:14,876  INFO PostProcessorRegistrationDelegate$BeanPostProcessorChecker:328 - Bean 'org.springframework.boot.autoconfigure.cache.EhCacheCacheConfiguration' of type [class org.springframework.boot.autoconfigure.cache.EhCacheCacheConfiguration$$EnhancerBySpringCGLIB$$a52d34c8] is not eligible for getting processed by all BeanPostProcessors (for example: not eligible for auto-proxying)
2019-05-28 09:17:15,149  INFO PostProcessorRegistrationDelegate$BeanPostProcessorChecker:328 - Bean 'ehCacheCacheManager' of type [class net.sf.ehcache.CacheManager] is not eligible for getting processed by all BeanPostProcessors (for example: not eligible for auto-proxying)
2019-05-28 09:17:15,161  INFO PostProcessorRegistrationDelegate$BeanPostProcessorChecker:328 - Bean 'cacheManager' of type [class org.springframework.cache.ehcache.EhCacheCacheManager] is not eligible for getting processed by all BeanPostProcessors (for example: not eligible for auto-proxying)
2019-05-28 09:17:15,163  INFO PostProcessorRegistrationDelegate$BeanPostProcessorChecker:328 - Bean 'cacheAutoConfigurationValidator' of type [class org.springframework.boot.autoconfigure.cache.CacheAutoConfiguration$CacheManagerValidator] is not eligible for getting processed by all BeanPostProcessors (for example: not eligible for auto-proxying)
2019-05-28 09:17:16,925  INFO RequestMappingHandlerAdapter:532 - Looking for @ControllerAdvice: org.springframework.web.context.support.GenericWebApplicationContext@5e4c8041: startup date [Tue May 28 09:17:12 CST 2019]; root of context hierarchy
2019-05-28 09:17:17,064  INFO RequestMappingHandlerMapping:527 - Mapped "{[/user/getUser]}" onto public com.didispace.entity.User com.didispace.controller.UserController.getUser(java.lang.Long)
2019-05-28 09:17:17,067  INFO RequestMappingHandlerMapping:527 - Mapped "{[/user/main]}" onto public java.lang.String com.didispace.controller.UserController.showMainPage(java.lang.Long,org.springframework.ui.ModelMap)
2019-05-28 09:17:17,069  INFO RequestMappingHandlerMapping:527 - Mapped "{[/error]}" onto public org.springframework.http.ResponseEntity<java.util.Map<java.lang.String, java.lang.Object>> org.springframework.boot.autoconfigure.web.BasicErrorController.error(javax.servlet.http.HttpServletRequest)
2019-05-28 09:17:17,070  INFO RequestMappingHandlerMapping:527 - Mapped "{[/error],produces=[text/html]}" onto public org.springframework.web.servlet.ModelAndView org.springframework.boot.autoconfigure.web.BasicErrorController.errorHtml(javax.servlet.http.HttpServletRequest,javax.servlet.http.HttpServletResponse)
2019-05-28 09:17:17,179  INFO SimpleUrlHandlerMapping:341 - Mapped URL path [/webjars/**] onto handler of type [class org.springframework.web.servlet.resource.ResourceHttpRequestHandler]
2019-05-28 09:17:17,179  INFO SimpleUrlHandlerMapping:341 - Mapped URL path [/**] onto handler of type [class org.springframework.web.servlet.resource.ResourceHttpRequestHandler]
2019-05-28 09:17:17,271  INFO SimpleUrlHandlerMapping:341 - Mapped URL path [/**/favicon.ico] onto handler of type [class org.springframework.web.servlet.resource.ResourceHttpRequestHandler]
2019-05-28 09:17:18,531  INFO UserBizImplTest:57 - Started UserBizImplTest in 7.856 seconds (JVM running for 9.731)
2019-05-28 09:17:18,648 DEBUG UserMapper:62 - Cache Hit Ratio [com.didispace.mapper.UserMapper]: 0.0
2019-05-28 09:17:20,154 DEBUG selectByPrimaryKey:145 - ==>  Preparing: select id, name, age from user where id = ? 
2019-05-28 09:17:20,194 DEBUG selectByPrimaryKey:145 - ==> Parameters: 1(Long)
2019-05-28 09:17:20,231 DEBUG selectByPrimaryKey:145 - <==      Total: 1
2019-05-28 09:17:20,238  INFO GenericWebApplicationContext:960 - Closing org.springframework.web.context.support.GenericWebApplicationContext@5e4c8041: startup date [Tue May 28 09:17:12 CST 2019]; root of context hierarchy
